0 info it worked if it ends with ok
1 verbose cli [ '/usr/local/Cellar/node/5.7.1/bin/node',
1 verbose cli   '/usr/local/bin/npm',
1 verbose cli   'run',
1 verbose cli   'build:images' ]
2 info using npm@3.6.0
3 info using node@v5.7.1
4 verbose run-script [ 'prebuild:images', 'build:images', 'postbuild:images' ]
5 info lifecycle @~prebuild:images: @
6 silly lifecycle @~prebuild:images: no script for prebuild:images, continuing
7 info lifecycle @~build:images: @
8 verbose lifecycle @~build:images: unsafe-perm in lifecycle true
9 verbose lifecycle @~build:images: PATH: /usr/local/lib/node_modules/npm/bin/node-gyp-bin:/Users/emilywivell/tiy-projects/florist/florist_app/static/node_modules/.bin:/usr/local/lib/node_modules/npm/bin/node-gyp-bin:/Users/emilywivell/tiy-projects/florist/florist_app/static/node_modules/.bin:/usr/local/lib/node_modules/npm/bin/node-gyp-bin:/Users/emilywivell/tiy-projects/florist/florist_app/static/node_modules/.bin:/Users/emilywivell/tiy-projects/.direnv/python-3.5.1/bin:/usr/local/heroku/bin:/Applications/Postgres.app/Contents/Versions/9.4/bin:/usr/local/bin:/usr/local/bin:/usr/bin:/bin:/usr/sbin:/sbin:/usr/local/sbin
10 verbose lifecycle @~build:images: CWD: /Users/emilywivell/tiy-projects/florist/florist_app/static
11 silly lifecycle @~build:images: Args: [ '-c', 'npm run imagemin && npm run favicon' ]
12 silly lifecycle @~build:images: Returned: code: 1  signal: null
13 info lifecycle @~build:images: Failed to exec build:images script
14 verbose stack Error: @ build:images: `npm run imagemin && npm run favicon`
14 verbose stack Exit status 1
14 verbose stack     at EventEmitter.<anonymous> (/usr/local/lib/node_modules/npm/lib/utils/lifecycle.js:232:16)
14 verbose stack     at emitTwo (events.js:100:13)
14 verbose stack     at EventEmitter.emit (events.js:185:7)
14 verbose stack     at ChildProcess.<anonymous> (/usr/local/lib/node_modules/npm/lib/utils/spawn.js:24:14)
14 verbose stack     at emitTwo (events.js:100:13)
14 verbose stack     at ChildProcess.emit (events.js:185:7)
14 verbose stack     at maybeClose (internal/child_process.js:827:16)
14 verbose stack     at Process.ChildProcess._handle.onexit (internal/child_process.js:211:5)
15 verbose pkgid @
16 verbose cwd /Users/emilywivell/tiy-projects/florist/florist_app/static
17 error Darwin 15.4.0
18 error argv "/usr/local/Cellar/node/5.7.1/bin/node" "/usr/local/bin/npm" "run" "build:images"
19 error node v5.7.1
20 error npm  v3.6.0
21 error code ELIFECYCLE
22 error @ build:images: `npm run imagemin && npm run favicon`
22 error Exit status 1
23 error Failed at the @ build:images script 'npm run imagemin && npm run favicon'.
23 error Make sure you have the latest version of node.js and npm installed.
23 error If you do, this is most likely a problem with the  package,
23 error not with npm itself.
23 error Tell the author that this fails on your system:
23 error     npm run imagemin && npm run favicon
23 error You can get information on how to open an issue for this project with:
23 error     npm bugs
23 error Or if that isn't available, you can get their info via:
23 error     npm owner ls
23 error There is likely additional logging output above.
24 verbose exit [ 1, true ]
