0 info it worked if it ends with ok
1 verbose cli [ '/usr/local/Cellar/node/5.7.1/bin/node',
1 verbose cli   '/usr/local/bin/npm',
1 verbose cli   'run',
1 verbose cli   'watch' ]
2 info using npm@3.6.0
3 info using node@v5.7.1
4 verbose run-script [ 'prewatch', 'watch', 'postwatch' ]
5 info lifecycle @~prewatch: @
6 silly lifecycle @~prewatch: no script for prewatch, continuing
7 info lifecycle @~watch: @
8 verbose lifecycle @~watch: unsafe-perm in lifecycle true
9 verbose lifecycle @~watch: PATH: /usr/local/lib/node_modules/npm/bin/node-gyp-bin:/Users/emilywivell/tiy-projects/florist/static/node_modules/.bin:/Users/emilywivell/tiy-projects/.direnv/python-3.5.1/bin:/usr/local/heroku/bin:/Applications/Postgres.app/Contents/Versions/9.4/bin:/usr/local/bin:/usr/local/bin:/usr/bin:/bin:/usr/sbin:/sbin:/usr/local/sbin:/Users/emilywivell/tiy-projects/florist/node_modules/.bin
10 verbose lifecycle @~watch: CWD: /Users/emilywivell/tiy-projects/florist/static
11 silly lifecycle @~watch: Args: [ '-c',
11 silly lifecycle   'parallelshell \'npm run watch:html\' \'npm run watch:scss\' \'npm run watch:images\' \'npm run watch:js\' \'npm run server\'' ]
12 info lifecycle @~watch: Failed to exec watch script
13 verbose stack Error: @ watch: `parallelshell 'npm run watch:html' 'npm run watch:scss' 'npm run watch:images' 'npm run watch:js' 'npm run server'`
13 verbose stack spawn ENOENT
13 verbose stack     at ChildProcess.<anonymous> (/usr/local/lib/node_modules/npm/lib/utils/spawn.js:17:16)
13 verbose stack     at emitTwo (events.js:100:13)
13 verbose stack     at ChildProcess.emit (events.js:185:7)
13 verbose stack     at maybeClose (internal/child_process.js:827:16)
13 verbose stack     at Process.ChildProcess._handle.onexit (internal/child_process.js:211:5)
14 verbose pkgid @
15 verbose cwd /Users/emilywivell/tiy-projects/florist/static
16 error Darwin 15.4.0
17 error argv "/usr/local/Cellar/node/5.7.1/bin/node" "/usr/local/bin/npm" "run" "watch"
18 error node v5.7.1
19 error npm  v3.6.0
20 error file sh
21 error code ELIFECYCLE
22 error errno ENOENT
23 error syscall spawn
24 error @ watch: `parallelshell 'npm run watch:html' 'npm run watch:scss' 'npm run watch:images' 'npm run watch:js' 'npm run server'`
24 error spawn ENOENT
25 error Failed at the @ watch script 'parallelshell 'npm run watch:html' 'npm run watch:scss' 'npm run watch:images' 'npm run watch:js' 'npm run server''.
25 error Make sure you have the latest version of node.js and npm installed.
25 error If you do, this is most likely a problem with the  package,
25 error not with npm itself.
25 error Tell the author that this fails on your system:
25 error     parallelshell 'npm run watch:html' 'npm run watch:scss' 'npm run watch:images' 'npm run watch:js' 'npm run server'
25 error You can get information on how to open an issue for this project with:
25 error     npm bugs
25 error Or if that isn't available, you can get their info via:
25 error     npm owner ls
25 error There is likely additional logging output above.
26 verbose exit [ 1, true ]
